<?xml version="1.0" encoding="UTF-8"?>
<testng-results ignored="0" total="1" passed="1" failed="0" skipped="0">
  <reporter-output>
  </reporter-output>
  <suite started-at="2019-07-24T08:01:20Z" name="Default suite" finished-at="2019-07-24T08:01:44Z" duration-ms="24229">
    <groups>
    </groups>
    <test started-at="2019-07-24T08:01:20Z" name="Default test" finished-at="2019-07-24T08:01:44Z" duration-ms="24229">
      <class name="com.ocr.testing.OCRTest">
        <test-method is-config="true" signature="setUpDriver()[pri:0, instance:com.ocr.testing.OCRTest@10db82ae]" started-at="2019-07-24T08:01:20Z" name="setUpDriver" finished-at="2019-07-24T08:01:29Z" duration-ms="8546" status="PASS">
          <reporter-output>
          </reporter-output>
        </test-method> <!-- setUpDriver -->
        <test-method signature="test()[pri:0, instance:com.ocr.testing.OCRTest@10db82ae]" started-at="2019-07-24T08:01:29Z" name="test" finished-at="2019-07-24T08:01:44Z" duration-ms="15630" status="PASS">
          <reporter-output>
          </reporter-output>
        </test-method> <!-- test -->
      </class> <!-- com.ocr.testing.OCRTest -->
    </test> <!-- Default test -->
  </suite> <!-- Default suite -->
</testng-results>
