<?xml version="1.0" encoding="UTF-8"?>
<testng-results ignored="0" total="1" passed="1" failed="0" skipped="0">
  <reporter-output>
  </reporter-output>
  <suite started-at="2019-07-24T07:29:14Z" name="Suite" finished-at="2019-07-24T07:29:29Z" duration-ms="14446">
    <groups>
    </groups>
    <test started-at="2019-07-24T07:29:14Z" name="Test" finished-at="2019-07-24T07:29:29Z" duration-ms="14446">
      <class name="com.ocr.testing.OCRTest">
        <test-method is-config="true" signature="setUpDriver()[pri:0, instance:com.ocr.testing.OCRTest@10db82ae]" started-at="2019-07-24T07:29:14Z" name="setUpDriver" finished-at="2019-07-24T07:29:20Z" duration-ms="5865" status="PASS">
          <reporter-output>
          </reporter-output>
        </test-method> <!-- setUpDriver -->
        <test-method signature="test()[pri:0, instance:com.ocr.testing.OCRTest@10db82ae]" started-at="2019-07-24T07:29:20Z" name="test" finished-at="2019-07-24T07:29:29Z" duration-ms="8504" status="PASS">
          <reporter-output>
          </reporter-output>
        </test-method> <!-- test -->
      </class> <!-- com.ocr.testing.OCRTest -->
    </test> <!-- Test -->
  </suite> <!-- Suite -->
</testng-results>
